<?xml version="1.0" encoding="UTF-8"?>
<!-- Generated by org.testng.reporters.JUnitXMLReporter -->
<testsuite hostname="hp" ignored="0" name="Default test" tests="1" failures="0" timestamp="2021-04-25T09:29:11 IST" time="3.577" errors="0">
  <testcase name="@BeforeMethod setup" time="3.484" classname="com.htc.browserautomation.main.SaleniumStore">
    <failure type="org.openqa.selenium.SessionNotCreatedException" message="session not created: This version of ChromeDriver only supports Chrome version 88
Current browser version is 90.0.4430.85 with binary path C:\Program Files\Google\Chrome\Application\chrome.exe
Build info: version: &amp;apos;3.141.59&amp;apos;, revision: &amp;apos;e82be7d358&amp;apos;, time: &amp;apos;2018-11-14T08:17:03&amp;apos;
System info: host: &amp;apos;HP&amp;apos;, ip: &amp;apos;192.168.56.1&amp;apos;, os.name: &amp;apos;Windows 8&amp;apos;, os.arch: &amp;apos;amd64&amp;apos;, os.version: &amp;apos;6.2&amp;apos;, java.version: &amp;apos;1.8.0_281&amp;apos;
Driver info: driver.version: ChromeDriver
remote stacktrace: Backtrace:
	GetHandleVerifier [0x00ACB963+483]
	GetHandleVerifier [0x00ACB941+449]
	GetHandleVerifier [0x00E73308+3832712]
	GetHandleVerifier [0x00E8D69A+3940122]
	GetHandleVerifier [0x00E89AFB+3924859]
	GetHandleVerifier [0x00E87D9C+3917340]
	GetHandleVerifier [0x00EAE7FE+4075646]
	GetHandleVerifier [0x00EAE56C+4074988]
	GetHandleVerifier [0x00EAB2EB+4062059]
	GetHandleVerifier [0x00E8ED14+3945876]
	GetHandleVerifier [0x00E8FBCE+3949646]
	GetHandleVerifier [0x00E8FB59+3949529]
	Ordinal0 [0x00A8B5CC+46540]
	Ordinal0 [0x00A89F53+40787]
	Ordinal0 [0x00A89B12+39698]
	GetHandleVerifier [0x00D91468+2907368]
	GetHandleVerifier [0x00BD71EE+1096302]
	GetHandleVerifier [0x00B93E8D+821005]
	GetHandleVerifier [0x00B9396B+819691]
	GetHandleVerifier [0x00B93881+819457]
	GetHandleVerifier [0x00BBF463+998627]
	BaseThreadInitThunk [0x76A88543+14]
	RtlInitializeExceptionChain [0x77D0AC69+133]
	RtlInitializeExceptionChain [0x77D0AC3C+88]
">
      <![CDATA[org.openqa.selenium.SessionNotCreatedException: session not created: This version of ChromeDriver only supports Chrome version 88
Current browser version is 90.0.4430.85 with binary path C:\Program Files\Google\Chrome\Application\chrome.exe
Build info: version: '3.141.59', revision: 'e82be7d358', time: '2018-11-14T08:17:03'
System info: host: 'HP', ip: '192.168.56.1', os.name: 'Windows 8', os.arch: 'amd64', os.version: '6.2', java.version: '1.8.0_281'
Driver info: driver.version: ChromeDriver
remote stacktrace: Backtrace:
GetHandleVerifier [0x00ACB963+483]
GetHandleVerifier [0x00ACB941+449]
GetHandleVerifier [0x00E73308+3832712]
GetHandleVerifier [0x00E8D69A+3940122]
GetHandleVerifier [0x00E89AFB+3924859]
GetHandleVerifier [0x00E87D9C+3917340]
GetHandleVerifier [0x00EAE7FE+4075646]
GetHandleVerifier [0x00EAE56C+4074988]
GetHandleVerifier [0x00EAB2EB+4062059]
GetHandleVerifier [0x00E8ED14+3945876]
GetHandleVerifier [0x00E8FBCE+3949646]
GetHandleVerifier [0x00E8FB59+3949529]
Ordinal0 [0x00A8B5CC+46540]
Ordinal0 [0x00A89F53+40787]
Ordinal0 [0x00A89B12+39698]
GetHandleVerifier [0x00D91468+2907368]
GetHandleVerifier [0x00BD71EE+1096302]
GetHandleVerifier [0x00B93E8D+821005]
GetHandleVerifier [0x00B9396B+819691]
GetHandleVerifier [0x00B93881+819457]
GetHandleVerifier [0x00BBF463+998627]
BaseThreadInitThunk [0x76A88543+14]
RtlInitializeExceptionChain [0x77D0AC69+133]
RtlInitializeExceptionChain [0x77D0AC3C+88]

at sun.reflect.NativeConstructorAccessorImpl.newInstance0(Native Method)
at sun.reflect.NativeConstructorAccessorImpl.newInstance(NativeConstructorAccessorImpl.java:62)
at sun.reflect.DelegatingConstructorAccessorImpl.newInstance(DelegatingConstructorAccessorImpl.java:45)
at java.lang.reflect.Constructor.newInstance(Constructor.java:423)
at org.openqa.selenium.remote.W3CHandshakeResponse.lambda$errorHandler$0(W3CHandshakeResponse.java:62)
at org.openqa.selenium.remote.HandshakeResponse.lambda$getResponseFunction$0(HandshakeResponse.java:30)
at org.openqa.selenium.remote.ProtocolHandshake.lambda$createSession$0(ProtocolHandshake.java:126)
at java.util.stream.ReferencePipeline$3$1.accept(ReferencePipeline.java:193)
at java.util.Spliterators$ArraySpliterator.tryAdvance(Spliterators.java:958)
at java.util.stream.ReferencePipeline.forEachWithCancel(ReferencePipeline.java:126)
at java.util.stream.AbstractPipeline.copyIntoWithCancel(AbstractPipeline.java:499)
at java.util.stream.AbstractPipeline.copyInto(AbstractPipeline.java:486)
at java.util.stream.AbstractPipeline.wrapAndCopyInto(AbstractPipeline.java:472)
at java.util.stream.FindOps$FindOp.evaluateSequential(FindOps.java:152)
at java.util.stream.AbstractPipeline.evaluate(AbstractPipeline.java:234)
at java.util.stream.ReferencePipeline.findFirst(ReferencePipeline.java:464)
at org.openqa.selenium.remote.ProtocolHandshake.createSession(ProtocolHandshake.java:128)
at org.openqa.selenium.remote.ProtocolHandshake.createSession(ProtocolHandshake.java:74)
at org.openqa.selenium.remote.HttpCommandExecutor.execute(HttpCommandExecutor.java:136)
at org.openqa.selenium.remote.service.DriverCommandExecutor.execute(DriverCommandExecutor.java:83)
at org.openqa.selenium.remote.RemoteWebDriver.execute(RemoteWebDriver.java:552)
at org.openqa.selenium.remote.RemoteWebDriver.startSession(RemoteWebDriver.java:213)
at org.openqa.selenium.remote.RemoteWebDriver.<init>(RemoteWebDriver.java:131)
at org.openqa.selenium.chrome.ChromeDriver.<init>(ChromeDriver.java:181)
at org.openqa.selenium.chrome.ChromeDriver.<init>(ChromeDriver.java:168)
at org.openqa.selenium.chrome.ChromeDriver.<init>(ChromeDriver.java:123)
at com.htc.browserautomation.main.SaleniumStore.setup(SaleniumStore.java:26)
at sun.reflect.NativeMethodAccessorImpl.invoke0(Native Method)
at sun.reflect.NativeMethodAccessorImpl.invoke(NativeMethodAccessorImpl.java:62)
at sun.reflect.DelegatingMethodAccessorImpl.invoke(DelegatingMethodAccessorImpl.java:43)
at java.lang.reflect.Method.invoke(Method.java:498)
at org.testng.internal.MethodInvocationHelper.invokeMethod(MethodInvocationHelper.java:132)
at org.testng.internal.MethodInvocationHelper.invokeMethodConsideringTimeout(MethodInvocationHelper.java:61)
at org.testng.internal.ConfigInvoker.invokeConfigurationMethod(ConfigInvoker.java:366)
at org.testng.internal.ConfigInvoker.invokeConfigurations(ConfigInvoker.java:320)
at org.testng.internal.TestInvoker.runConfigMethods(TestInvoker.java:701)
at org.testng.internal.TestInvoker.invokeMethod(TestInvoker.java:527)
at org.testng.internal.TestInvoker.invokeTestMethod(TestInvoker.java:174)
at org.testng.internal.MethodRunner.runInSequence(MethodRunner.java:46)
at org.testng.internal.TestInvoker$MethodInvocationAgent.invoke(TestInvoker.java:822)
at org.testng.internal.TestInvoker.invokeTestMethods(TestInvoker.java:147)
at org.testng.internal.TestMethodWorker.invokeTestMethods(TestMethodWorker.java:146)
at org.testng.internal.TestMethodWorker.run(TestMethodWorker.java:128)
at java.util.ArrayList.forEach(ArrayList.java:1259)
at org.testng.TestRunner.privateRun(TestRunner.java:764)
at org.testng.TestRunner.run(TestRunner.java:585)
at org.testng.SuiteRunner.runTest(SuiteRunner.java:384)
at org.testng.SuiteRunner.runSequentially(SuiteRunner.java:378)
at org.testng.SuiteRunner.privateRun(SuiteRunner.java:337)
at org.testng.SuiteRunner.run(SuiteRunner.java:286)
at org.testng.SuiteRunnerWorker.runSuite(SuiteRunnerWorker.java:53)
at org.testng.SuiteRunnerWorker.run(SuiteRunnerWorker.java:96)
at org.testng.TestNG.runSuitesSequentially(TestNG.java:1218)
at org.testng.TestNG.runSuitesLocally(TestNG.java:1140)
at org.testng.TestNG.runSuites(TestNG.java:1069)
at org.testng.TestNG.run(TestNG.java:1037)
at org.testng.remote.AbstractRemoteTestNG.run(AbstractRemoteTestNG.java:115)
at org.testng.remote.RemoteTestNG.initAndRun(RemoteTestNG.java:251)
at org.testng.remote.RemoteTestNG.main(RemoteTestNG.java:77)
]]>
    </failure>
  </testcase> <!-- @BeforeMethod setup -->
  <testcase name="@AfterMethod tearDown" time="-1.619323150923E9" classname="com.htc.browserautomation.main.SaleniumStore">
    <skipped/>
  </testcase> <!-- @AfterMethod tearDown -->
  <testcase name="testSearchBox_screenShot" time="0.0" classname="com.htc.browserautomation.main.SaleniumStore">
    <skipped/>
  </testcase> <!-- testSearchBox_screenShot -->
</testsuite> <!-- Default test -->
